Compiling the C compiler identification source file "CMakeCCompilerId.c" failed.
Compiler: C:/NVPACK/cygwin/bin/cc.exe 
Build flags: 
Id flags: 

The output was:
Access is denied


Compiling the C compiler identification source file "CMakeCCompilerId.c" failed.
Compiler: C:/NVPACK/cygwin/bin/cc.exe 
Build flags: 
Id flags: -c

The output was:
Access is denied


Compiling the C compiler identification source file "CMakeCCompilerId.c" failed.
Compiler: C:/NVPACK/cygwin/bin/cc.exe 
Build flags: 
Id flags: -Aa

The output was:
Access is denied


Compiling the CXX compiler identification source file "CMakeCXXCompilerId.cpp" failed.
Compiler: C:/NVPACK/cygwin/bin/c++.exe 
Build flags: 
Id flags: 

The output was:
Access is denied


Compiling the CXX compiler identification source file "CMakeCXXCompilerId.cpp" failed.
Compiler: C:/NVPACK/cygwin/bin/c++.exe 
Build flags: 
Id flags: -c

The output was:
Access is denied


Detecting C compiler ABI info failed to compile with the following output:
Change Dir: C:/Users/Alan/workspace/innoextract/jni/innoextract/fresh/CMakeFiles/CMakeTmp

Run Build Command:C:/NVPACK/cygwin/bin/make.exe "cmTryCompileExec454142256/fast"
/usr/bin/make -f CMakeFiles/cmTryCompileExec454142256.dir/build.make CMakeFiles/cmTryCompileExec454142256.dir/build
make[1]: Entering directory `/cygdrive/c/Users/Alan/workspace/innoextract/jni/innoextract/fresh/CMakeFiles/CMakeTmp'
CMakeFiles/cmTryCompileExec454142256.dir/build.make:59: *** target pattern contains no `%'.  Stop.
make[1]: Leaving directory `/cygdrive/c/Users/Alan/workspace/innoextract/jni/innoextract/fresh/CMakeFiles/CMakeTmp'
Makefile:117: recipe for target `cmTryCompileExec454142256/fast' failed
make: *** [cmTryCompileExec454142256/fast] Error 2


Detecting CXX compiler ABI info failed to compile with the following output:
Change Dir: C:/Users/Alan/workspace/innoextract/jni/innoextract/fresh/CMakeFiles/CMakeTmp

Run Build Command:C:/NVPACK/cygwin/bin/make.exe "cmTryCompileExec935769667/fast"
/usr/bin/make -f CMakeFiles/cmTryCompileExec935769667.dir/build.make CMakeFiles/cmTryCompileExec935769667.dir/build
make[1]: Entering directory `/cygdrive/c/Users/Alan/workspace/innoextract/jni/innoextract/fresh/CMakeFiles/CMakeTmp'
CMakeFiles/cmTryCompileExec935769667.dir/build.make:59: *** target pattern contains no `%'.  Stop.
make[1]: Leaving directory `/cygdrive/c/Users/Alan/workspace/innoextract/jni/innoextract/fresh/CMakeFiles/CMakeTmp'
Makefile:117: recipe for target `cmTryCompileExec935769667/fast' failed
make: *** [cmTryCompileExec935769667/fast] Error 2


